#
# There is insufficient memory for the Java Runtime Environment to continue.
# Native memory allocation (malloc) failed to allocate 1048576 bytes for AllocateHeap
# Possible reasons:
#   The system is out of physical RAM or swap space
#   The process is running with CompressedOops enabled, and the Java Heap may be blocking the growth of the native heap
# Possible solutions:
#   Reduce memory load on the system
#   Increase physical memory or swap space
#   Check if swap backing store is full
#   Decrease Java heap size (-Xmx/-Xms)
#   Decrease number of Java threads
#   Decrease Java thread stack sizes (-Xss)
#   Set larger code cache with -XX:ReservedCodeCacheSize=
#   JVM is running with Zero Based Compressed Oops mode in which the Java heap is
#     placed in the first 32GB address space. The Java Heap base address is the
#     maximum limit for the native heap growth. Please use -XX:HeapBaseMinAddress
#     to set the Java Heap base and to place the Java Heap above 32GB virtual address.
# This output file may be truncated or incomplete.
#
#  Out of Memory Error (memory/allocation.inline.hpp:61), pid=18588, tid=0x0000000000003d68
#
# JRE version:  (8.0_202-b44) (build )
# Java VM: OpenJDK 64-Bit Server VM (25.202-b44 mixed mode windows-amd64 compressed oops)
# Failed to write core dump. Minidumps are not enabled by default on client versions of Windows
#

---------------  T H R E A D  ---------------

Current thread (0x0000000002b8e000):  JavaThread "Unknown thread" [_thread_in_vm, id=15720, stack(0x00000000029a0000,0x0000000002aa0000)]

Stack: [0x00000000029a0000,0x0000000002aa0000]
[error occurred during error reporting (printing stack bounds), id 0xc0000005]

Native frames: (J=compiled Java code, j=interpreted, Vv=VM code, C=native code)


---------------  P R O C E S S  ---------------

Java Threads: ( => current thread )

Other Threads:

=>0x0000000002b8e000 (exited) JavaThread "Unknown thread" [_thread_in_vm, id=15720, stack(0x00000000029a0000,0x0000000002aa0000)]

VM state:not at safepoint (normal execution)

VM Mutex/Monitor currently owned by a thread: None

heap address: 0x00000006c2000000, size: 4064 MB, Compressed Oops mode: Zero based, Oop shift amount: 3
Narrow klass base: 0x0000000000000000, Narrow klass shift: 3
Compressed class space size: 1073741824 Address: 0x00000007c0000000

Heap:
 PSYoungGen      total 75776K, used 1300K [0x000000076b580000, 0x0000000770a00000, 0x00000007c0000000)
  eden space 65024K, 2% used [0x000000076b580000,0x000000076b6c51f8,0x000000076f500000)
  from space 10752K, 0% used [0x000000076ff80000,0x000000076ff80000,0x0000000770a00000)
  to   space 10752K, 0% used [0x000000076f500000,0x000000076f500000,0x000000076ff80000)
 ParOldGen       total 173568K, used 0K [0x00000006c2000000, 0x00000006cc980000, 0x000000076b580000)
  object space 173568K, 0% used [0x00000006c2000000,0x00000006c2000000,0x00000006cc980000)
 Metaspace       used 777K, capacity 4480K, committed 4480K, reserved 1056768K
  class space    used 74K, capacity 384K, committed 384K, reserved 1048576K

Card table byte_map: [0x0000000012050000,0x0000000012850000] byte_map_base: 0x000000000ea40000

Marking Bits: (ParMarkBitMap*) 0x0000000074219f30
 Begin Bits: [0x00000000131a0000, 0x0000000017120000)
 End Bits:   [0x0000000017120000, 0x000000001b0a0000)

Polling page: 0x0000000000980000

CodeCache: size=245760Kb used=328Kb max_used=328Kb free=245431Kb
 bounds [0x0000000002c90000, 0x0000000002f00000, 0x0000000011c90000]
 total_blobs=57 nmethods=0 adapters=38
 compilation: enabled

Compilation events (0 events):
No events

GC Heap History (0 events):
No events

Deoptimization events (0 events):
No events

Classes redefined (0 events):
No events

Internal exceptions (0 events):
No events

Events (10 events):
Event: 0.020 loading class java/lang/Short
Event: 0.020 loading class java/lang/Short done
Event: 0.020 loading class java/lang/Integer
Event: 0.020 loading class java/lang/Integer done
Event: 0.020 loading class java/lang/Long
Event: 0.020 loading class java/lang/Long done
Event: 0.021 loading class java/lang/NullPointerException
Event: 0.021 loading class java/lang/NullPointerException done
Event: 0.021 loading class java/lang/ArithmeticException
Event: 0.021 loading class java/lang/ArithmeticException done


Dynamic libraries:
0x00007ff686470000 - 0x00007ff6864a1000 	D:\Program Files\JetBrains\IntelliJ IDEA 2019.1.1\jre64\bin\java.exe
0x00007ffbf2720000 - 0x00007ffbf2901000 	C:\WINDOWS\SYSTEM32\ntdll.dll
0x00007ffbf0180000 - 0x00007ffbf0231000 	C:\WINDOWS\System32\KERNEL32.DLL
0x00007ffbef630000 - 0x00007ffbef8a3000 	C:\WINDOWS\System32\KERNELBASE.dll
0x00007ffbf0240000 - 0x00007ffbf02e1000 	C:\WINDOWS\System32\ADVAPI32.dll
0x00007ffbf1bf0000 - 0x00007ffbf1c8e000 	C:\WINDOWS\System32\msvcrt.dll
0x00007ffbf2570000 - 0x00007ffbf25cb000 	C:\WINDOWS\System32\sechost.dll
0x00007ffbf1f20000 - 0x00007ffbf2044000 	C:\WINDOWS\System32\RPCRT4.dll
0x00007ffbf1a60000 - 0x00007ffbf1bf0000 	C:\WINDOWS\System32\USER32.dll
0x00007ffbeee80000 - 0x00007ffbeeea0000 	C:\WINDOWS\System32\win32u.dll
0x00007ffbf2540000 - 0x00007ffbf2568000 	C:\WINDOWS\System32\GDI32.dll
0x00007ffbefa10000 - 0x00007ffbefba2000 	C:\WINDOWS\System32\gdi32full.dll
0x00007ffbeebf0000 - 0x00007ffbeec8f000 	C:\WINDOWS\System32\msvcp_win.dll
0x00007ffbef8b0000 - 0x00007ffbef9a8000 	C:\WINDOWS\System32\ucrtbase.dll
0x00007ffbdf6e0000 - 0x00007ffbdf949000 	C:\WINDOWS\WinSxS\amd64_microsoft.windows.common-controls_6595b64144ccf1df_6.0.17134.765_none_fb42a1a930655896\COMCTL32.dll
0x00007ffbf02f0000 - 0x00007ffbf0612000 	C:\WINDOWS\System32\combase.dll
0x00007ffbef5b0000 - 0x00007ffbef62a000 	C:\WINDOWS\System32\bcryptPrimitives.dll
0x00007ffbf26c0000 - 0x00007ffbf26ed000 	C:\WINDOWS\System32\IMM32.DLL
0x0000000073970000 - 0x0000000073a42000 	D:\Program Files\JetBrains\IntelliJ IDEA 2019.1.1\jre64\bin\msvcr100.dll
0x0000000073a50000 - 0x0000000074296000 	D:\Program Files\JetBrains\IntelliJ IDEA 2019.1.1\jre64\bin\server\jvm.dll
0x00007ffbf2500000 - 0x00007ffbf2508000 	C:\WINDOWS\System32\PSAPI.DLL
0x00007ffbe2220000 - 0x00007ffbe2229000 	C:\WINDOWS\SYSTEM32\WSOCK32.dll
0x00007ffbe66c0000 - 0x00007ffbe66e3000 	C:\WINDOWS\SYSTEM32\WINMM.dll
0x00007ffbe6160000 - 0x00007ffbe616a000 	C:\WINDOWS\SYSTEM32\VERSION.dll
0x00007ffbf2430000 - 0x00007ffbf249c000 	C:\WINDOWS\System32\WS2_32.dll
0x00007ffbe6690000 - 0x00007ffbe66ba000 	C:\WINDOWS\SYSTEM32\winmmbase.dll
0x00007ffbeeba0000 - 0x00007ffbeebe9000 	C:\WINDOWS\System32\cfgmgr32.dll
0x00007ffbe96d0000 - 0x00007ffbe96df000 	D:\Program Files\JetBrains\IntelliJ IDEA 2019.1.1\jre64\bin\verify.dll
0x00007ffbe31e0000 - 0x00007ffbe3209000 	D:\Program Files\JetBrains\IntelliJ IDEA 2019.1.1\jre64\bin\java.dll
0x00007ffbe9670000 - 0x00007ffbe9686000 	D:\Program Files\JetBrains\IntelliJ IDEA 2019.1.1\jre64\bin\zip.dll

VM Arguments:
java_command: org.jetbrains.git4idea.http.GitAskPassApp Username for 'https://github.com': 
java_class_path (initial): D:/Program Files/JetBrains/IntelliJ IDEA 2019.1.1/plugins/git4idea/lib/git4idea-rt.jar;D:/Program Files/JetBrains/IntelliJ IDEA 2019.1.1/lib/xmlrpc-2.0.1.jar;D:/Program Files/JetBrains/IntelliJ IDEA 2019.1.1/lib/commons-codec-1.10.jar;D:/Program Files/JetBrains/IntelliJ IDEA 2019.1.1/lib/util.jar
Launcher Type: SUN_STANDARD

Environment Variables:
PATH=D:/Program Files/Git/mingw64/libexec/git-core;D:/Program Files/Git/mingw64/libexec/git-core;D:\Program Files\Git\mingw64\bin;D:\Program Files\Git\usr\bin;C:\Users\moontai-1\bin;C:\WINDOWS\system32;C:\WINDOWS;C:\WINDOWS\System32\Wbem;C:\WINDOWS\System32\WindowsPowerShell\v1.0\;D:\Program Files\nodejs\;C:\WINDOWS\System32\OpenSSH\;D:\MyDownloads\HBuilderX.1.6.2.20190220.full\HBuilderX\plugins\launcher\tools\adbs;D:\Program Files\Git\cmd;D:\MyDownloads\flutter_windows_v1.2.1-stable\flutter\bin;C:\Program Files\TortoiseGit\bin;C:\Users\moontai-1\AppData\Local\Microsoft\WindowsApps;;D:\MyDownloads\Microsoft VS Code\bin;d:\Program Files\JetBrains\WebStorm 2018.3.5\bin;;C:\Users\moontai-1\AppData\Roaming\npm
USERNAME=moontai-1
DISPLAY=:0.0
OS=Windows_NT
PROCESSOR_IDENTIFIER=Intel64 Family 6 Model 158 Stepping 9, GenuineIntel



---------------  S Y S T E M  ---------------

OS: Windows 10.0 , 64 bit Build 17134 (10.0.17134.753)

CPU:total 4 (initial active 4) (4 cores per cpu, 1 threads per core) family 6 model 158 stepping 9, cmov, cx8, fxsr, mmx, sse, sse2, sse3, ssse3, sse4.1, sse4.2, popcnt, avx, avx2, aes, clmul, erms, 3dnowpref, lzcnt, tsc, tscinvbit, bmi1, bmi2, adx

Memory: 4k page, physical 16639844k(5581172k free), swap 21882724k(5132k free)

vm_info: OpenJDK 64-Bit Server VM (25.202-b44) for windows-amd64 JRE (1.8.0_202-release-1483-b44), built on Mar 29 2019 17:15:10 by "builduser" with MS VC++ 10.0 (VS2010)

time: Tue Jun 04 17:43:25 2019
timezone: 中国标准时间
elapsed time: 0 seconds (0d 0h 0m 0s)

